Using pre-set license
Built from '2021.3/staging' branch; Version is '2021.3.9f1 (ad3870b89536) revision 11352176'; Using compiler version '192829333'; Build Type 'Release'
OS: 'Windows 10  (10.0.19044) 64bit Core' Language: 'en' Physical Memory: 8078 MB
BatchMode: 1, IsHumanControllingUs: 0, StartBugReporterOnCrash: 0, Is64bit: 1, IsPro: 1

COMMAND LINE ARGUMENTS:
C:\Program Files\Unity\Hub\Editor\2021.3.9f1\Editor\Unity.exe
-adb2
-batchMode
-noUpm
-name
AssetImportWorker1
-projectPath
C:/Users/Eminem is the GOAT/Downloads/Prototype 8/prototype 8
-logFile
Logs/AssetImportWorker1.log
-srvPort
63979
Successfully changed project path to: C:/Users/Eminem is the GOAT/Downloads/Prototype 8/prototype 8
C:/Users/Eminem is the GOAT/Downloads/Prototype 8/prototype 8
[UnityMemory] Configuration Parameters - Can be set up in boot.config
    "memorysetup-bucket-allocator-granularity=16"
    "memorysetup-bucket-allocator-bucket-count=8"
    "memorysetup-bucket-allocator-block-size=33554432"
    "memorysetup-bucket-allocator-block-count=8"
    "memorysetup-main-allocator-block-size=16777216"
    "memorysetup-thread-allocator-block-size=16777216"
    "memorysetup-gfx-main-allocator-block-size=16777216"
    "memorysetup-gfx-thread-allocator-block-size=16777216"
    "memorysetup-cache-allocator-block-size=4194304"
    "memorysetup-typetree-allocator-block-size=2097152"
    "memorysetup-profiler-bucket-allocator-granularity=16"
    "memorysetup-profiler-bucket-allocator-bucket-count=8"
    "memorysetup-profiler-bucket-allocator-block-size=33554432"
    "memorysetup-profiler-bucket-allocator-block-count=8"
    "memorysetup-profiler-allocator-block-size=16777216"
    "memorysetup-profiler-editor-allocator-block-size=1048576"
    "memorysetup-temp-allocator-size-main=16777216"
    "memorysetup-job-temp-allocator-block-size=2097152"
    "memorysetup-job-temp-allocator-block-size-background=1048576"
    "memorysetup-job-temp-allocator-reduction-small-platforms=262144"
    "memorysetup-temp-allocator-size-background-worker=32768"
    "memorysetup-temp-allocator-size-job-worker=262144"
    "memorysetup-temp-allocator-size-preload-manager=33554432"
    "memorysetup-temp-allocator-size-nav-mesh-worker=65536"
    "memorysetup-temp-allocator-size-audio-worker=65536"
    "memorysetup-temp-allocator-size-cloud-worker=32768"
    "memorysetup-temp-allocator-size-gi-baking-worker=262144"
    "memorysetup-temp-allocator-size-gfx=262144"
Refreshing native plugins compatible for Editor in 40.22 ms, found 4 plugins.
Preloading 0 native plugins for Editor in 0.00 ms.
Initialize engine version: 2021.3.9f1 (ad3870b89536)
[Subsystems] Discovering subsystems at path C:/Program Files/Unity/Hub/Editor/2021.3.9f1/Editor/Data/Resources/UnitySubsystems
[Subsystems] Discovering subsystems at path C:/Users/Eminem is the GOAT/Downloads/Prototype 8/prototype 8/Assets
GfxDevice: creating device client; threaded=0; jobified=0
Direct3D:
    Version:  Direct3D 11.0 [level 11.1]
    Renderer: Intel(R) UHD Graphics 620 (ID=0x5917)
    Vendor:   Intel
    VRAM:     4039 MB
    Driver:   23.20.16.4973
Initialize mono
Mono path[0] = 'C:/Program Files/Unity/Hub/Editor/2021.3.9f1/Editor/Data/Managed'
Mono path[1] = 'C:/Program Files/Unity/Hub/Editor/2021.3.9f1/Editor/Data/MonoBleedingEdge/lib/mono/unityjit-win32'
Mono config path = 'C:/Program Files/Unity/Hub/Editor/2021.3.9f1/Editor/Data/MonoBleedingEdge/etc'
Using monoOptions --debugger-agent=transport=dt_socket,embedding=1,server=y,suspend=n,address=127.0.0.1:56152
Begin MonoManager ReloadAssembly
Registering precompiled unity dll's ...
Register platform support module: C:/Program Files/Unity/Hub/Editor/2021.3.9f1/Editor/Data/PlaybackEngines/WebGLSupport/UnityEditor.WebGL.Extensions.dll
Register platform support module: C:/Program Files/Unity/Hub/Editor/2021.3.9f1/Editor/Data/PlaybackEngines/AndroidPlayer/UnityEditor.Android.Extensions.dll
Register platform support module: C:/Program Files/Unity/Hub/Editor/2021.3.9f1/Editor/Data/PlaybackEngines/WindowsStandaloneSupport/UnityEditor.WindowsStandalone.Extensions.dll
Registered in 0.011425 seconds.
Native extension for WindowsStandalone target not found
Native extension for Android target not found
Native extension for WebGL target not found
Refreshing native plugins compatible for Editor in 51.06 ms, found 4 plugins.
Preloading 0 native plugins for Editor in 0.00 ms.
Mono: successfully reloaded assembly
- Completed reload, in  0.788 seconds
Domain Reload Profiling:
	ReloadAssembly (789ms)
		BeginReloadAssembly (104ms)
			ExecutionOrderSort (0ms)
			DisableScriptedObjects (0ms)
			BackupInstance (0ms)
			ReleaseScriptingObjects (0ms)
			CreateAndSetChildDomain (1ms)
		EndReloadAssembly (546ms)
			LoadAssemblies (101ms)
			RebuildTransferFunctionScriptingTraits (0ms)
			SetupTypeCache (131ms)
			ReleaseScriptCaches (0ms)
			RebuildScriptCaches (34ms)
			SetupLoadedEditorAssemblies (316ms)
				LogAssemblyErrors (0ms)
				InitializePlatformSupportModulesInManaged (71ms)
				SetLoadedEditorAssemblies (1ms)
				RefreshPlugins (51ms)
				BeforeProcessingInitializeOnLoad (2ms)
				ProcessInitializeOnLoadAttributes (131ms)
				ProcessInitializeOnLoadMethodAttributes (59ms)
				AfterProcessingInitializeOnLoad (0ms)
				EditorAssembliesLoaded (0ms)
			ExecutionOrderSort2 (0ms)
			AwakeInstancesAfterBackupRestoration (0ms)
Platform modules already initialized, skipping
Registering precompiled user dll's ...
Registered in 0.007798 seconds.
Begin MonoManager ReloadAssembly
Native extension for WindowsStandalone target not found
Native extension for Android target not found
Native extension for WebGL target not found
Refreshing native plugins compatible for Editor in 0.66 ms, found 4 plugins.
Preloading 0 native plugins for Editor in 0.00 ms.
Mono: successfully reloaded assembly
- Completed reload, in  1.545 seconds
Domain Reload Profiling:
	ReloadAssembly (1546ms)
		BeginReloadAssembly (464ms)
			ExecutionOrderSort (0ms)
			DisableScriptedObjects (13ms)
			BackupInstance (0ms)
			ReleaseScriptingObjects (0ms)
			CreateAndSetChildDomain (293ms)
		EndReloadAssembly (932ms)
			LoadAssemblies (102ms)
			RebuildTransferFunctionScriptingTraits (0ms)
			SetupTypeCache (237ms)
			ReleaseScriptCaches (0ms)
			RebuildScriptCaches (50ms)
			SetupLoadedEditorAssemblies (507ms)
				LogAssemblyErrors (0ms)
				InitializePlatformSupportModulesInManaged (34ms)
				SetLoadedEditorAssemblies (1ms)
				RefreshPlugins (1ms)
				BeforeProcessingInitializeOnLoad (109ms)
				ProcessInitializeOnLoadAttributes (321ms)
				ProcessInitializeOnLoadMethodAttributes (30ms)
				AfterProcessingInitializeOnLoad (12ms)
				EditorAssembliesLoaded (0ms)
			ExecutionOrderSort2 (0ms)
			AwakeInstancesAfterBackupRestoration (7ms)
Platform modules already initialized, skipping
========================================================================
Worker process is ready to serve import requests
Launched and connected shader compiler UnityShaderCompiler.exe after 0.23 seconds
Refreshing native plugins compatible for Editor in 0.66 ms, found 4 plugins.
Preloading 0 native plugins for Editor in 0.00 ms.
Unloading 1840 Unused Serialized files (Serialized files now loaded: 0)
Unloading 22 unused Assets / (55.4 KB). Loaded Objects now: 2305.
Memory consumption went from 78.1 MB to 78.0 MB.
Total: 4.654700 ms (FindLiveObjects: 0.318300 ms CreateObjectMapping: 0.199900 ms MarkObjects: 4.017400 ms  DeleteObjects: 0.117500 ms)

AssetImportParameters requested are different than current active one (requested -> active):
  custom:video-decoder-ogg-theora: a1e56fd34408186e4bbccfd4996cb3dc -> 
  custom:container-muxer-webm: aa71ff27fc2769a1b78a27578f13a17b -> 
  custom:container-demuxer-webm: 4f35f7cbe854078d1ac9338744f61a02 -> 
  custom:video-encoder-webm-vp8: eb34c28f22e8b96e1ab97ce403110664 -> 
  custom:audio-encoder-webm-vorbis: bf7c407c2cedff20999df2af8eb42d56 -> 
  custom:framework-win-MediaFoundation: 216162199b28c13a410421893ffa2e32 -> 
  custom:container-demuxer-ogg: 62fdf1f143b41e24485cea50d1cbac27 -> 
  custom:video-decoder-webm-vp8: 9c59270c3fd7afecdb556c50c9e8de78 -> 
  custom:audio-decoder-ogg-vorbis: bf7c407c2cedff20999df2af8eb42d56 -> 
========================================================================
Received Import Request.
  Time since last request: 87210.100769 seconds.
  path: Assets/Atlas 1.mat
  artifactKey: Guid(29daf38757b0e4644b16fd3d68327f45) Importer(815301076,1909f56bfc062723c751e8b465ee728b)
Start importing Assets/Atlas 1.mat using Guid(29daf38757b0e4644b16fd3d68327f45) Importer(815301076,1909f56bfc062723c751e8b465ee728b)  -> (artifact id: 'fd61934022e8566d8702be6164597139') in 0.766509 seconds 
========================================================================
Received Import Request.
  Time since last request: 0.000034 seconds.
  path: Assets/Atlas.mat
  artifactKey: Guid(6a27227c45079f14ab4a127b23f39ff2) Importer(815301076,1909f56bfc062723c751e8b465ee728b)
Start importing Assets/Atlas.mat using Guid(6a27227c45079f14ab4a127b23f39ff2) Importer(815301076,1909f56bfc062723c751e8b465ee728b)  -> (artifact id: '639d85b144a3c2a0dc53b9bd22e2f7f3') in 0.134417 seconds 
========================================================================
Received Prepare
Registering precompiled user dll's ...
Registered in 0.006399 seconds.
Begin MonoManager ReloadAssembly
Native extension for WindowsStandalone target not found
Native extension for Android target not found
Native extension for WebGL target not found
Refreshing native plugins compatible for Editor in 0.49 ms, found 4 plugins.
Preloading 0 native plugins for Editor in 0.00 ms.
Mono: successfully reloaded assembly
- Completed reload, in  2.159 seconds
Domain Reload Profiling:
	ReloadAssembly (2163ms)
		BeginReloadAssembly (165ms)
			ExecutionOrderSort (0ms)
			DisableScriptedObjects (5ms)
			BackupInstance (0ms)
			ReleaseScriptingObjects (0ms)
			CreateAndSetChildDomain (35ms)
		EndReloadAssembly (1867ms)
			LoadAssemblies (111ms)
			RebuildTransferFunctionScriptingTraits (0ms)
			SetupTypeCache (418ms)
			ReleaseScriptCaches (4ms)
			RebuildScriptCaches (163ms)
			SetupLoadedEditorAssemblies (950ms)
				LogAssemblyErrors (0ms)
				InitializePlatformSupportModulesInManaged (67ms)
				SetLoadedEditorAssemblies (1ms)
				RefreshPlugins (1ms)
				BeforeProcessingInitializeOnLoad (137ms)
				ProcessInitializeOnLoadAttributes (625ms)
				ProcessInitializeOnLoadMethodAttributes (86ms)
				AfterProcessingInitializeOnLoad (34ms)
				EditorAssembliesLoaded (0ms)
			ExecutionOrderSort2 (0ms)
			AwakeInstancesAfterBackupRestoration (21ms)
Platform modules already initialized, skipping
Refreshing native plugins compatible for Editor in 7.75 ms, found 4 plugins.
Preloading 0 native plugins for Editor in 0.00 ms.
Unloading 1826 Unused Serialized files (Serialized files now loaded: 0)
Unloading 15 unused Assets / (24.6 KB). Loaded Objects now: 2348.
Memory consumption went from 81.3 MB to 81.3 MB.
Total: 6.644500 ms (FindLiveObjects: 0.272700 ms CreateObjectMapping: 0.160300 ms MarkObjects: 6.159300 ms  DeleteObjects: 0.049400 ms)

AssetImportParameters requested are different than current active one (requested -> active):
  custom:video-decoder-ogg-theora: a1e56fd34408186e4bbccfd4996cb3dc -> 
  custom:container-muxer-webm: aa71ff27fc2769a1b78a27578f13a17b -> 
  custom:container-demuxer-webm: 4f35f7cbe854078d1ac9338744f61a02 -> 
  custom:video-encoder-webm-vp8: eb34c28f22e8b96e1ab97ce403110664 -> 
  custom:audio-encoder-webm-vorbis: bf7c407c2cedff20999df2af8eb42d56 -> 
  custom:framework-win-MediaFoundation: 216162199b28c13a410421893ffa2e32 -> 
  custom:container-demuxer-ogg: 62fdf1f143b41e24485cea50d1cbac27 -> 
  custom:video-decoder-webm-vp8: 9c59270c3fd7afecdb556c50c9e8de78 -> 
  custom:audio-decoder-ogg-vorbis: bf7c407c2cedff20999df2af8eb42d56 -> 
========================================================================
Received Prepare
Registering precompiled user dll's ...
Registered in 0.006749 seconds.
Begin MonoManager ReloadAssembly
Native extension for WindowsStandalone target not found
Native extension for Android target not found
Native extension for WebGL target not found
Refreshing native plugins compatible for Editor in 1.26 ms, found 4 plugins.
Preloading 0 native plugins for Editor in 0.00 ms.
Mono: successfully reloaded assembly
- Completed reload, in  2.625 seconds
Domain Reload Profiling:
	ReloadAssembly (2626ms)
		BeginReloadAssembly (176ms)
			ExecutionOrderSort (0ms)
			DisableScriptedObjects (7ms)
			BackupInstance (0ms)
			ReleaseScriptingObjects (0ms)
			CreateAndSetChildDomain (37ms)
		EndReloadAssembly (2302ms)
			LoadAssemblies (129ms)
			RebuildTransferFunctionScriptingTraits (0ms)
			SetupTypeCache (335ms)
			ReleaseScriptCaches (4ms)
			RebuildScriptCaches (149ms)
			SetupLoadedEditorAssemblies (1458ms)
				LogAssemblyErrors (0ms)
				InitializePlatformSupportModulesInManaged (92ms)
				SetLoadedEditorAssemblies (1ms)
				RefreshPlugins (1ms)
				BeforeProcessingInitializeOnLoad (186ms)
				ProcessInitializeOnLoadAttributes (1033ms)
				ProcessInitializeOnLoadMethodAttributes (105ms)
				AfterProcessingInitializeOnLoad (39ms)
				EditorAssembliesLoaded (0ms)
			ExecutionOrderSort2 (0ms)
			AwakeInstancesAfterBackupRestoration (26ms)
Platform modules already initialized, skipping
Refreshing native plugins compatible for Editor in 10.27 ms, found 4 plugins.
Preloading 0 native plugins for Editor in 0.00 ms.
Unloading 1826 Unused Serialized files (Serialized files now loaded: 0)
Unloading 15 unused Assets / (24.7 KB). Loaded Objects now: 2351.
Memory consumption went from 81.3 MB to 81.3 MB.
Total: 5.382800 ms (FindLiveObjects: 0.394600 ms CreateObjectMapping: 0.139700 ms MarkObjects: 4.776100 ms  DeleteObjects: 0.069100 ms)

AssetImportParameters requested are different than current active one (requested -> active):
  custom:video-decoder-ogg-theora: a1e56fd34408186e4bbccfd4996cb3dc -> 
  custom:container-muxer-webm: aa71ff27fc2769a1b78a27578f13a17b -> 
  custom:container-demuxer-webm: 4f35f7cbe854078d1ac9338744f61a02 -> 
  custom:video-encoder-webm-vp8: eb34c28f22e8b96e1ab97ce403110664 -> 
  custom:audio-encoder-webm-vorbis: bf7c407c2cedff20999df2af8eb42d56 -> 
  custom:framework-win-MediaFoundation: 216162199b28c13a410421893ffa2e32 -> 
  custom:container-demuxer-ogg: 62fdf1f143b41e24485cea50d1cbac27 -> 
  custom:video-decoder-webm-vp8: 9c59270c3fd7afecdb556c50c9e8de78 -> 
  custom:audio-decoder-ogg-vorbis: bf7c407c2cedff20999df2af8eb42d56 -> 
========================================================================
Received Prepare
Registering precompiled user dll's ...
Registered in 0.006456 seconds.
Begin MonoManager ReloadAssembly
Native extension for WindowsStandalone target not found
Native extension for Android target not found
Native extension for WebGL target not found
Refreshing native plugins compatible for Editor in 2.43 ms, found 4 plugins.
Preloading 0 native plugins for Editor in 0.00 ms.
Mono: successfully reloaded assembly
- Completed reload, in  2.035 seconds
Domain Reload Profiling:
	ReloadAssembly (2037ms)
		BeginReloadAssembly (188ms)
			ExecutionOrderSort (0ms)
			DisableScriptedObjects (7ms)
			BackupInstance (0ms)
			ReleaseScriptingObjects (0ms)
			CreateAndSetChildDomain (37ms)
		EndReloadAssembly (1704ms)
			LoadAssemblies (134ms)
			RebuildTransferFunctionScriptingTraits (0ms)
			SetupTypeCache (284ms)
			ReleaseScriptCaches (1ms)
			RebuildScriptCaches (64ms)
			SetupLoadedEditorAssemblies (1071ms)
				LogAssemblyErrors (0ms)
				InitializePlatformSupportModulesInManaged (87ms)
				SetLoadedEditorAssemblies (3ms)
				RefreshPlugins (3ms)
				BeforeProcessingInitializeOnLoad (183ms)
				ProcessInitializeOnLoadAttributes (671ms)
				ProcessInitializeOnLoadMethodAttributes (87ms)
				AfterProcessingInitializeOnLoad (37ms)
				EditorAssembliesLoaded (0ms)
			ExecutionOrderSort2 (0ms)
			AwakeInstancesAfterBackupRestoration (24ms)
Platform modules already initialized, skipping
Refreshing native plugins compatible for Editor in 8.16 ms, found 4 plugins.
Preloading 0 native plugins for Editor in 0.00 ms.
Unloading 1826 Unused Serialized files (Serialized files now loaded: 0)
Unloading 15 unused Assets / (24.7 KB). Loaded Objects now: 2354.
Memory consumption went from 81.3 MB to 81.3 MB.
Total: 9.426000 ms (FindLiveObjects: 0.247600 ms CreateObjectMapping: 0.162300 ms MarkObjects: 8.841500 ms  DeleteObjects: 0.169500 ms)

AssetImportParameters requested are different than current active one (requested -> active):
  custom:video-decoder-ogg-theora: a1e56fd34408186e4bbccfd4996cb3dc -> 
  custom:container-muxer-webm: aa71ff27fc2769a1b78a27578f13a17b -> 
  custom:container-demuxer-webm: 4f35f7cbe854078d1ac9338744f61a02 -> 
  custom:video-encoder-webm-vp8: eb34c28f22e8b96e1ab97ce403110664 -> 
  custom:audio-encoder-webm-vorbis: bf7c407c2cedff20999df2af8eb42d56 -> 
  custom:framework-win-MediaFoundation: 216162199b28c13a410421893ffa2e32 -> 
  custom:container-demuxer-ogg: 62fdf1f143b41e24485cea50d1cbac27 -> 
  custom:video-decoder-webm-vp8: 9c59270c3fd7afecdb556c50c9e8de78 -> 
  custom:audio-decoder-ogg-vorbis: bf7c407c2cedff20999df2af8eb42d56 -> 
========================================================================
Received Prepare
Registering precompiled user dll's ...
Registered in 0.007111 seconds.
Begin MonoManager ReloadAssembly
Native extension for WindowsStandalone target not found
Native extension for Android target not found
Native extension for WebGL target not found
Refreshing native plugins compatible for Editor in 0.43 ms, found 4 plugins.
Preloading 0 native plugins for Editor in 0.00 ms.
Mono: successfully reloaded assembly
- Completed reload, in  1.646 seconds
Domain Reload Profiling:
	ReloadAssembly (1648ms)
		BeginReloadAssembly (160ms)
			ExecutionOrderSort (0ms)
			DisableScriptedObjects (6ms)
			BackupInstance (0ms)
			ReleaseScriptingObjects (0ms)
			CreateAndSetChildDomain (36ms)
		EndReloadAssembly (1367ms)
			LoadAssemblies (108ms)
			RebuildTransferFunctionScriptingTraits (0ms)
			SetupTypeCache (225ms)
			ReleaseScriptCaches (1ms)
			RebuildScriptCaches (43ms)
			SetupLoadedEditorAssemblies (900ms)
				LogAssemblyErrors (0ms)
				InitializePlatformSupportModulesInManaged (43ms)
				SetLoadedEditorAssemblies (1ms)
				RefreshPlugins (1ms)
				BeforeProcessingInitializeOnLoad (145ms)
				ProcessInitializeOnLoadAttributes (575ms)
				ProcessInitializeOnLoadMethodAttributes (93ms)
				AfterProcessingInitializeOnLoad (41ms)
				EditorAssembliesLoaded (0ms)
			ExecutionOrderSort2 (0ms)
			AwakeInstancesAfterBackupRestoration (22ms)
Platform modules already initialized, skipping
Refreshing native plugins compatible for Editor in 8.55 ms, found 4 plugins.
Preloading 0 native plugins for Editor in 0.00 ms.
Unloading 1826 Unused Serialized files (Serialized files now loaded: 0)
Unloading 15 unused Assets / (24.9 KB). Loaded Objects now: 2357.
Memory consumption went from 81.3 MB to 81.3 MB.
Total: 7.269600 ms (FindLiveObjects: 0.930500 ms CreateObjectMapping: 0.365800 ms MarkObjects: 5.882000 ms  DeleteObjects: 0.088900 ms)

AssetImportParameters requested are different than current active one (requested -> active):
  custom:video-decoder-ogg-theora: a1e56fd34408186e4bbccfd4996cb3dc -> 
  custom:container-muxer-webm: aa71ff27fc2769a1b78a27578f13a17b -> 
  custom:container-demuxer-webm: 4f35f7cbe854078d1ac9338744f61a02 -> 
  custom:video-encoder-webm-vp8: eb34c28f22e8b96e1ab97ce403110664 -> 
  custom:audio-encoder-webm-vorbis: bf7c407c2cedff20999df2af8eb42d56 -> 
  custom:framework-win-MediaFoundation: 216162199b28c13a410421893ffa2e32 -> 
  custom:container-demuxer-ogg: 62fdf1f143b41e24485cea50d1cbac27 -> 
  custom:video-decoder-webm-vp8: 9c59270c3fd7afecdb556c50c9e8de78 -> 
  custom:audio-decoder-ogg-vorbis: bf7c407c2cedff20999df2af8eb42d56 -> 
========================================================================
Received Prepare
Registering precompiled user dll's ...
Registered in 0.009374 seconds.
Begin MonoManager ReloadAssembly
Native extension for WindowsStandalone target not found
Native extension for Android target not found
Native extension for WebGL target not found
Refreshing native plugins compatible for Editor in 0.48 ms, found 4 plugins.
Preloading 0 native plugins for Editor in 0.00 ms.
Mono: successfully reloaded assembly
- Completed reload, in  2.063 seconds
Domain Reload Profiling:
	ReloadAssembly (2064ms)
		BeginReloadAssembly (153ms)
			ExecutionOrderSort (0ms)
			DisableScriptedObjects (7ms)
			BackupInstance (0ms)
			ReleaseScriptingObjects (0ms)
			CreateAndSetChildDomain (36ms)
		EndReloadAssembly (1783ms)
			LoadAssemblies (101ms)
			RebuildTransferFunctionScriptingTraits (0ms)
			SetupTypeCache (409ms)
			ReleaseScriptCaches (3ms)
			RebuildScriptCaches (107ms)
			SetupLoadedEditorAssemblies (971ms)
				LogAssemblyErrors (0ms)
				InitializePlatformSupportModulesInManaged (56ms)
				SetLoadedEditorAssemblies (1ms)
				RefreshPlugins (1ms)
				BeforeProcessingInitializeOnLoad (158ms)
				ProcessInitializeOnLoadAttributes (634ms)
				ProcessInitializeOnLoadMethodAttributes (89ms)
				AfterProcessingInitializeOnLoad (32ms)
				EditorAssembliesLoaded (0ms)
			ExecutionOrderSort2 (0ms)
			AwakeInstancesAfterBackupRestoration (21ms)
Platform modules already initialized, skipping
Refreshing native plugins compatible for Editor in 8.26 ms, found 4 plugins.
Preloading 0 native plugins for Editor in 0.00 ms.
Unloading 1826 Unused Serialized files (Serialized files now loaded: 0)
Unloading 15 unused Assets / (24.6 KB). Loaded Objects now: 2360.
Memory consumption went from 81.3 MB to 81.3 MB.
Total: 6.907200 ms (FindLiveObjects: 0.246200 ms CreateObjectMapping: 0.147300 ms MarkObjects: 6.482600 ms  DeleteObjects: 0.029700 ms)

AssetImportParameters requested are different than current active one (requested -> active):
  custom:video-decoder-ogg-theora: a1e56fd34408186e4bbccfd4996cb3dc -> 
  custom:container-muxer-webm: aa71ff27fc2769a1b78a27578f13a17b -> 
  custom:container-demuxer-webm: 4f35f7cbe854078d1ac9338744f61a02 -> 
  custom:video-encoder-webm-vp8: eb34c28f22e8b96e1ab97ce403110664 -> 
  custom:audio-encoder-webm-vorbis: bf7c407c2cedff20999df2af8eb42d56 -> 
  custom:framework-win-MediaFoundation: 216162199b28c13a410421893ffa2e32 -> 
  custom:container-demuxer-ogg: 62fdf1f143b41e24485cea50d1cbac27 -> 
  custom:video-decoder-webm-vp8: 9c59270c3fd7afecdb556c50c9e8de78 -> 
  custom:audio-decoder-ogg-vorbis: bf7c407c2cedff20999df2af8eb42d56 -> 
========================================================================
Received Import Request.
  Time since last request: 626.408888 seconds.
  path: Assets/Artwork/Font/FREESCPT.TTF
  artifactKey: Guid(1acc0961db17c9d4f9bf48f217a1f61c) Importer(815301076,1909f56bfc062723c751e8b465ee728b)
Start importing Assets/Artwork/Font/FREESCPT.TTF using Guid(1acc0961db17c9d4f9bf48f217a1f61c) Importer(815301076,1909f56bfc062723c751e8b465ee728b)  -> (artifact id: '74d2ef555d2fa1a6fbe598c23f8fddab') in 0.145209 seconds 
========================================================================
Received Import Request.
  Time since last request: 0.000132 seconds.
  path: Assets/Artwork/Font/SEGOEPR.TTF
  artifactKey: Guid(b8620d766275ff7439f3666ec269cb01) Importer(815301076,1909f56bfc062723c751e8b465ee728b)
Start importing Assets/Artwork/Font/SEGOEPR.TTF using Guid(b8620d766275ff7439f3666ec269cb01) Importer(815301076,1909f56bfc062723c751e8b465ee728b)  -> (artifact id: 'f333bfdec89398de2ea5383dbb49b3cb') in 0.021828 seconds 
========================================================================
Received Import Request.
  Time since last request: 0.000043 seconds.
  path: Assets/Artwork/Font/PLAYBILL.TTF
  artifactKey: Guid(13867d0f09ad31540ad4ba5c36900fbf) Importer(815301076,1909f56bfc062723c751e8b465ee728b)
Start importing Assets/Artwork/Font/PLAYBILL.TTF using Guid(13867d0f09ad31540ad4ba5c36900fbf) Importer(815301076,1909f56bfc062723c751e8b465ee728b)  -> (artifact id: '02412e787b7ca079cc530f3cafc47051') in 0.021429 seconds 
========================================================================
Received Import Request.
  Time since last request: 0.000126 seconds.
  path: Assets/Artwork/Font/Grandstander-Regular.ttf
  artifactKey: Guid(e0077b8c5f22acd46b7b6ea627be783c) Importer(815301076,1909f56bfc062723c751e8b465ee728b)
Start importing Assets/Artwork/Font/Grandstander-Regular.ttf using Guid(e0077b8c5f22acd46b7b6ea627be783c) Importer(815301076,1909f56bfc062723c751e8b465ee728b)  -> (artifact id: '631fed64bd0bede41fcbe4ee67dd9593') in 0.021478 seconds 
========================================================================
Received Import Request.
  Time since last request: 0.820386 seconds.
  path: Assets/Artwork/Images/button.psd
  artifactKey: Guid(ead64eecd69d5ea478d957e2e8c2f74e) Importer(815301076,1909f56bfc062723c751e8b465ee728b)
Start importing Assets/Artwork/Images/button.psd using Guid(ead64eecd69d5ea478d957e2e8c2f74e) Importer(815301076,1909f56bfc062723c751e8b465ee728b)  -> (artifact id: 'c331be1dd7225a4ce98722ff547df50d') in 0.028296 seconds 
========================================================================
Received Import Request.
  Time since last request: 0.000026 seconds.
  path: Assets/Artwork/Images/outterCircle.psd
  artifactKey: Guid(44fcfada67ae29945b8b3ac1523ad184) Importer(815301076,1909f56bfc062723c751e8b465ee728b)
Start importing Assets/Artwork/Images/outterCircle.psd using Guid(44fcfada67ae29945b8b3ac1523ad184) Importer(815301076,1909f56bfc062723c751e8b465ee728b)  -> (artifact id: '9f6b473cbaf715a63959a456cb4ced82') in 0.037883 seconds 
========================================================================
Received Import Request.
  Time since last request: 0.000070 seconds.
  path: Assets/Artwork/Images/letterGradient.psd
  artifactKey: Guid(ecb68052ab7eb6e4ab64bbb13349e3c7) Importer(815301076,1909f56bfc062723c751e8b465ee728b)
Start importing Assets/Artwork/Images/letterGradient.psd using Guid(ecb68052ab7eb6e4ab64bbb13349e3c7) Importer(815301076,1909f56bfc062723c751e8b465ee728b)  -> (artifact id: '1b663bc9acb477e0322a8c0df6e68e95') in 0.018629 seconds 
========================================================================
Received Import Request.
  Time since last request: 0.000025 seconds.
  path: Assets/Artwork/Images/fishIcon.png
  artifactKey: Guid(873f21ad0011e4a479a237580e5125ef) Importer(815301076,1909f56bfc062723c751e8b465ee728b)
Start importing Assets/Artwork/Images/fishIcon.png using Guid(873f21ad0011e4a479a237580e5125ef) Importer(815301076,1909f56bfc062723c751e8b465ee728b)  -> (artifact id: 'ccbf5e1f0eb049d4f419af698eb29b50') in 0.023179 seconds 
========================================================================
Received Import Request.
  Time since last request: 1.934639 seconds.
  path: Assets/Artwork/Material/GreenScreen.mat
  artifactKey: Guid(b6b3023b9c2d2974b9fe2b776b8c1445) Importer(815301076,1909f56bfc062723c751e8b465ee728b)
Start importing Assets/Artwork/Material/GreenScreen.mat using Guid(b6b3023b9c2d2974b9fe2b776b8c1445) Importer(815301076,1909f56bfc062723c751e8b465ee728b)  -> (artifact id: '129dc859a40f5071da806a4a88e81af7') in 0.009645 seconds 
========================================================================
Received Import Request.
  Time since last request: 0.000016 seconds.
  path: Assets/Artwork/Material/Letters.mat
  artifactKey: Guid(86954baed57c448419701863444b5d1b) Importer(815301076,1909f56bfc062723c751e8b465ee728b)
Start importing Assets/Artwork/Material/Letters.mat using Guid(86954baed57c448419701863444b5d1b) Importer(815301076,1909f56bfc062723c751e8b465ee728b)  -> (artifact id: 'e1901b709e561a147e660255a257c415') in 0.013023 seconds 
========================================================================
Received Import Request.
  Time since last request: 2.353661 seconds.
  path: Assets/Artwork/Models/Gameplay/Blocker.fbx
  artifactKey: Guid(b07e013911d2b124f89f9e752ef60174) Importer(815301076,1909f56bfc062723c751e8b465ee728b)
Start importing Assets/Artwork/Models/Gameplay/Blocker.fbx using Guid(b07e013911d2b124f89f9e752ef60174) Importer(815301076,1909f56bfc062723c751e8b465ee728b)  -> (artifact id: 'df429523b0d8238e894a1afea43c8525') in 0.056385 seconds 
========================================================================
Received Import Request.
  Time since last request: 0.000069 seconds.
  path: Assets/Artwork/Models/Gameplay/RampIce.fbx
  artifactKey: Guid(4dd9c515bc6e5d54eb35e10ddc897c49) Importer(815301076,1909f56bfc062723c751e8b465ee728b)
Start importing Assets/Artwork/Models/Gameplay/RampIce.fbx using Guid(4dd9c515bc6e5d54eb35e10ddc897c49) Importer(815301076,1909f56bfc062723c751e8b465ee728b)  -> (artifact id: '30b8ef2e07e4db2953959587c2be0cab') in 0.029616 seconds 
========================================================================
Received Import Request.
  Time since last request: 0.000058 seconds.
  path: Assets/Artwork/Models/Gameplay/RampWood.fbx
  artifactKey: Guid(1b7ba92dbea65be4a8b4d7983b438af3) Importer(815301076,1909f56bfc062723c751e8b465ee728b)
Start importing Assets/Artwork/Models/Gameplay/RampWood.fbx using Guid(1b7ba92dbea65be4a8b4d7983b438af3) Importer(815301076,1909f56bfc062723c751e8b465ee728b)  -> (artifact id: '0285e0f16ced18deb792bbcabb6f8044') in 0.032456 seconds 
========================================================================
Received Import Request.
  Time since last request: 0.000030 seconds.
  path: Assets/Artwork/Models/Gameplay/Rock.fbx
  artifactKey: Guid(2e730ac2420e88f4d9321af11fd5a67c) Importer(815301076,1909f56bfc062723c751e8b465ee728b)
Start importing Assets/Artwork/Models/Gameplay/Rock.fbx using Guid(2e730ac2420e88f4d9321af11fd5a67c) Importer(815301076,1909f56bfc062723c751e8b465ee728b)  -> (artifact id: '515c056b0e19ac67a5ff6a885a211019') in 0.030932 seconds 
========================================================================
Received Import Request.
  Time since last request: 1.304780 seconds.
  path: Assets/Artwork/Models/Letters/YN_1.fbx
  artifactKey: Guid(307f4aff9d761194ea558fc88d9d3b79) Importer(815301076,1909f56bfc062723c751e8b465ee728b)
Start importing Assets/Artwork/Models/Letters/YN_1.fbx using Guid(307f4aff9d761194ea558fc88d9d3b79) Importer(815301076,1909f56bfc062723c751e8b465ee728b)  -> (artifact id: '4e7d58ba3bcdd1e99c6c377a18a98c9a') in 0.019748 seconds 
========================================================================
Received Import Request.
  Time since last request: 0.000026 seconds.
  path: Assets/Artwork/Models/Letters/YN_3.fbx
  artifactKey: Guid(f09f53df6cb0c084aacfed0a10ecc4de) Importer(815301076,1909f56bfc062723c751e8b465ee728b)
Start importing Assets/Artwork/Models/Letters/YN_3.fbx using Guid(f09f53df6cb0c084aacfed0a10ecc4de) Importer(815301076,1909f56bfc062723c751e8b465ee728b)  -> (artifact id: 'f9179b093d0c74aebafaa3f62bb7ecd1') in 0.025025 seconds 
========================================================================
Received Import Request.
  Time since last request: 0.000047 seconds.
  path: Assets/Artwork/Models/Letters/YN_6.fbx
  artifactKey: Guid(0cff90beec37fd24991cefb38249ac14) Importer(815301076,1909f56bfc062723c751e8b465ee728b)
Start importing Assets/Artwork/Models/Letters/YN_6.fbx using Guid(0cff90beec37fd24991cefb38249ac14) Importer(815301076,1909f56bfc062723c751e8b465ee728b)  -> (artifact id: 'c3ece61204fdcba1079c5171df619ce8') in 0.032246 seconds 
========================================================================
Received Import Request.
  Time since last request: 1.091177 seconds.
  path: Assets/Artwork/Models/Penguin/Idle.fbx
  artifactKey: Guid(43958866b69a6bb439a80212547974e2) Importer(815301076,1909f56bfc062723c751e8b465ee728b)
Start importing Assets/Artwork/Models/Penguin/Idle.fbx using Guid(43958866b69a6bb439a80212547974e2) Importer(815301076,1909f56bfc062723c751e8b465ee728b)  -> (artifact id: 'd5e23004d9afab7dbcb44e708a96e999') in 0.014251 seconds 
========================================================================
Received Import Request.
  Time since last request: 0.000023 seconds.
  path: Assets/Artwork/Models/Penguin/Penguin.fbx
  artifactKey: Guid(095f379f461e4554c8999ccdc9f2e131) Importer(815301076,1909f56bfc062723c751e8b465ee728b)
Start importing Assets/Artwork/Models/Penguin/Penguin.fbx using Guid(095f379f461e4554c8999ccdc9f2e131) Importer(815301076,1909f56bfc062723c751e8b465ee728b)  -> (artifact id: '34fed8492c8a70c5f58c5d5842a6f661') in 0.168724 seconds 
========================================================================
Received Import Request.
  Time since last request: 0.618545 seconds.
  path: Assets/Artwork/Sky/LightT.mat
  artifactKey: Guid(d7267d573467fcc4cb46b04a5fb82281) Importer(815301076,1909f56bfc062723c751e8b465ee728b)
Start importing Assets/Artwork/Sky/LightT.mat using Guid(d7267d573467fcc4cb46b04a5fb82281) Importer(815301076,1909f56bfc062723c751e8b465ee728b)  -> (artifact id: '947dbd6b13ac4682e75149f1a65ec3e4') in 0.032914 seconds 
========================================================================
Received Import Request.
  Time since last request: 0.000033 seconds.
  path: Assets/Artwork/Sky/SunnyT.mat
  artifactKey: Guid(f045b8250a9d0334da94aa6cd5f0c835) Importer(815301076,1909f56bfc062723c751e8b465ee728b)
Start importing Assets/Artwork/Sky/SunnyT.mat using Guid(f045b8250a9d0334da94aa6cd5f0c835) Importer(815301076,1909f56bfc062723c751e8b465ee728b)  -> (artifact id: '63f8295b952799351c891d8ad4e89ff5') in 0.014112 seconds 
========================================================================
Received Import Request.
  Time since last request: 1.054101 seconds.
  path: Assets/Artwork/Thumbnail/BigHornedHelmet.png
  artifactKey: Guid(4d83ad9ff812f744793e6eb8f83c2f9b) Importer(815301076,1909f56bfc062723c751e8b465ee728b)
Start importing Assets/Artwork/Thumbnail/BigHornedHelmet.png using Guid(4d83ad9ff812f744793e6eb8f83c2f9b) Importer(815301076,1909f56bfc062723c751e8b465ee728b)  -> (artifact id: 'a301d7b0e620927f210898630abe3548') in 0.023052 seconds 
========================================================================
Received Import Request.
  Time since last request: 0.000027 seconds.
  path: Assets/Artwork/Thumbnail/Executioner.png
  artifactKey: Guid(f7824cad71c49984cb17c57196a18eaa) Importer(815301076,1909f56bfc062723c751e8b465ee728b)
Start importing Assets/Artwork/Thumbnail/Executioner.png using Guid(f7824cad71c49984cb17c57196a18eaa) Importer(815301076,1909f56bfc062723c751e8b465ee728b)  -> (artifact id: 'da7bf174c2c1fb1739480e18e3bb6397') in 0.027972 seconds 
========================================================================
Received Import Request.
  Time since last request: 0.000026 seconds.
  path: Assets/Artwork/Thumbnail/GladiatorHelmet.png
  artifactKey: Guid(2bf3a2ed47747104294b9fa171d6ff4d) Importer(815301076,1909f56bfc062723c751e8b465ee728b)
Start importing Assets/Artwork/Thumbnail/GladiatorHelmet.png using Guid(2bf3a2ed47747104294b9fa171d6ff4d) Importer(815301076,1909f56bfc062723c751e8b465ee728b)  -> (artifact id: '8b1eef37b701c4e035763bcd6878409f') in 0.026814 seconds 
========================================================================
Received Import Request.
  Time since last request: 0.000038 seconds.
  path: Assets/Artwork/Thumbnail/DivingHelmet.png
  artifactKey: Guid(c4000db35fc1c524d943da04b93a4eb0) Importer(815301076,1909f56bfc062723c751e8b465ee728b)
Start importing Assets/Artwork/Thumbnail/DivingHelmet.png using Guid(c4000db35fc1c524d943da04b93a4eb0) Importer(815301076,1909f56bfc062723c751e8b465ee728b)  -> (artifact id: '6ecf9e77f72c26cc95feadae6a8ea819') in 0.029303 seconds 
========================================================================
Received Prepare
Registering precompiled user dll's ...
Registered in 0.006198 seconds.
Begin MonoManager ReloadAssembly
Native extension for WindowsStandalone target not found
Native extension for Android target not found
Native extension for WebGL target not found
Refreshing native plugins compatible for Editor in 0.51 ms, found 4 plugins.
Preloading 0 native plugins for Editor in 0.00 ms.
Mono: successfully reloaded assembly
- Completed reload, in  2.081 seconds
Domain Reload Profiling:
	ReloadAssembly (2082ms)
		BeginReloadAssembly (151ms)
			ExecutionOrderSort (0ms)
			DisableScriptedObjects (5ms)
			BackupInstance (0ms)
			ReleaseScriptingObjects (0ms)
			CreateAndSetChildDomain (36ms)
		EndReloadAssembly (1809ms)
			LoadAssemblies (104ms)
			RebuildTransferFunctionScriptingTraits (0ms)
			SetupTypeCache (347ms)
			ReleaseScriptCaches (1ms)
			RebuildScriptCaches (144ms)
			SetupLoadedEditorAssemblies (993ms)
				LogAssemblyErrors (0ms)
				InitializePlatformSupportModulesInManaged (75ms)
				SetLoadedEditorAssemblies (2ms)
				RefreshPlugins (1ms)
				BeforeProcessingInitializeOnLoad (167ms)
				ProcessInitializeOnLoadAttributes (621ms)
				ProcessInitializeOnLoadMethodAttributes (96ms)
				AfterProcessingInitializeOnLoad (32ms)
				EditorAssembliesLoaded (0ms)
			ExecutionOrderSort2 (0ms)
			AwakeInstancesAfterBackupRestoration (21ms)
Platform modules already initialized, skipping
Refreshing native plugins compatible for Editor in 10.33 ms, found 4 plugins.
Preloading 0 native plugins for Editor in 0.00 ms.
Unloading 1826 Unused Serialized files (Serialized files now loaded: 0)
Unloading 15 unused Assets / (24.6 KB). Loaded Objects now: 2384.
Memory consumption went from 94.3 MB to 94.3 MB.
Total: 6.629500 ms (FindLiveObjects: 0.432300 ms CreateObjectMapping: 0.288500 ms MarkObjects: 5.823200 ms  DeleteObjects: 0.082600 ms)

AssetImportParameters requested are different than current active one (requested -> active):
  custom:video-decoder-ogg-theora: a1e56fd34408186e4bbccfd4996cb3dc -> 
  custom:container-muxer-webm: aa71ff27fc2769a1b78a27578f13a17b -> 
  custom:container-demuxer-webm: 4f35f7cbe854078d1ac9338744f61a02 -> 
  custom:video-encoder-webm-vp8: eb34c28f22e8b96e1ab97ce403110664 -> 
  custom:audio-encoder-webm-vorbis: bf7c407c2cedff20999df2af8eb42d56 -> 
  custom:framework-win-MediaFoundation: 216162199b28c13a410421893ffa2e32 -> 
  custom:container-demuxer-ogg: 62fdf1f143b41e24485cea50d1cbac27 -> 
  custom:video-decoder-webm-vp8: 9c59270c3fd7afecdb556c50c9e8de78 -> 
  custom:audio-decoder-ogg-vorbis: bf7c407c2cedff20999df2af8eb42d56 -> 
